<?xml version="1.0" encoding="UTF-8"?>
<testng-results skipped="0" failed="1" total="3" passed="2">
  <reporter-output>
  </reporter-output>
  <suite name="ttt.model.dao.UserDaoTest" duration-ms="3590" started-at="2014-06-10T06:48:50Z" finished-at="2014-06-10T06:48:54Z">
    <groups>
      <group name="UserDaoTest">
        <method signature="UserDaoTest.getGamesAgainstAI()[pri:0, instance:ttt.model.dao.UserDaoTest@3194737d]" name="getGamesAgainstAI" class="ttt.model.dao.UserDaoTest"/>
        <method signature="UserDaoTest.getPlayer()[pri:0, instance:ttt.model.dao.UserDaoTest@3194737d]" name="getPlayer" class="ttt.model.dao.UserDaoTest"/>
        <method signature="UserDaoTest.getSavedGames()[pri:0, instance:ttt.model.dao.UserDaoTest@3194737d]" name="getSavedGames" class="ttt.model.dao.UserDaoTest"/>
      </group> <!-- UserDaoTest -->
    </groups>
    <test name="Command line test" duration-ms="3590" started-at="2014-06-10T06:48:50Z" finished-at="2014-06-10T06:48:54Z">
      <class name="ttt.model.dao.UserDaoTest">
        <test-method status="PASS" signature="springTestContextBeforeTestClass()[pri:0, instance:ttt.model.dao.UserDaoTest@3194737d]" name="springTestContextBeforeTestClass" is-config="true" duration-ms="9" started-at="2014-06-09T23:48:50Z" finished-at="2014-06-09T23:48:50Z">
          <reporter-output>
          </reporter-output>
        </test-method> <!-- springTestContextBeforeTestClass -->
        <test-method status="PASS" signature="springTestContextPrepareTestInstance()[pri:0, instance:ttt.model.dao.UserDaoTest@3194737d]" name="springTestContextPrepareTestInstance" is-config="true" duration-ms="3171" started-at="2014-06-09T23:48:50Z" depends-on-methods="org.springframework.test.context.testng.AbstractTestNGSpringContextTests.springTestContextBeforeTestClass" finished-at="2014-06-09T23:48:53Z">
          <reporter-output>
          </reporter-output>
        </test-method> <!-- springTestContextPrepareTestInstance -->
        <test-method status="PASS" signature="springTestContextBeforeTestMethod(java.lang.reflect.Method)[pri:0, instance:ttt.model.dao.UserDaoTest@3194737d]" name="springTestContextBeforeTestMethod" is-config="true" duration-ms="106" started-at="2014-06-09T23:48:53Z" finished-at="2014-06-09T23:48:53Z">
          <params>
            <param index="0">
              <value>
                <![CDATA[public void ttt.model.dao.UserDaoTest.getGamesAgainstAI()]]>
              </value>
            </param>
          </params>
          <reporter-output>
          </reporter-output>
        </test-method> <!-- springTestContextBeforeTestMethod -->
        <test-method status="FAIL" signature="getGamesAgainstAI()[pri:0, instance:ttt.model.dao.UserDaoTest@3194737d]" name="getGamesAgainstAI" duration-ms="256" started-at="2014-06-09T23:48:53Z" finished-at="2014-06-09T23:48:54Z">
          <exception class="java.lang.AssertionError">
            <full-stacktrace>
              <![CDATA[java.lang.AssertionError
	at ttt.model.dao.UserDaoTest.getGamesAgainstAI(UserDaoTest.java:23)
	at sun.reflect.NativeMethodAccessorImpl.invoke0(Native Method)
	at sun.reflect.NativeMethodAccessorImpl.invoke(NativeMethodAccessorImpl.java:57)
	at sun.reflect.DelegatingMethodAccessorImpl.invoke(DelegatingMethodAccessorImpl.java:43)
	at java.lang.reflect.Method.invoke(Method.java:606)
	at org.testng.internal.MethodInvocationHelper.invokeMethod(MethodInvocationHelper.java:84)
	at org.testng.internal.MethodInvocationHelper$1.runTestMethod(MethodInvocationHelper.java:200)
	at org.springframework.test.context.testng.AbstractTestNGSpringContextTests.run(AbstractTestNGSpringContextTests.java:155)
	at sun.reflect.NativeMethodAccessorImpl.invoke0(Native Method)
	at sun.reflect.NativeMethodAccessorImpl.invoke(NativeMethodAccessorImpl.java:57)
	at sun.reflect.DelegatingMethodAccessorImpl.invoke(DelegatingMethodAccessorImpl.java:43)
	at java.lang.reflect.Method.invoke(Method.java:606)
	at org.testng.internal.MethodInvocationHelper.invokeHookable(MethodInvocationHelper.java:212)
	at org.testng.internal.Invoker.invokeMethod(Invoker.java:707)
	at org.testng.internal.Invoker.invokeTestMethod(Invoker.java:901)
	at org.testng.internal.Invoker.invokeTestMethods(Invoker.java:1231)
	at org.testng.internal.TestMethodWorker.invokeTestMethods(TestMethodWorker.java:127)
	at org.testng.internal.TestMethodWorker.run(TestMethodWorker.java:111)
	at org.testng.TestRunner.privateRun(TestRunner.java:767)
	at org.testng.TestRunner.run(TestRunner.java:617)
	at org.testng.SuiteRunner.runTest(SuiteRunner.java:348)
	at org.testng.SuiteRunner.runSequentially(SuiteRunner.java:343)
	at org.testng.SuiteRunner.privateRun(SuiteRunner.java:305)
	at org.testng.SuiteRunner.run(SuiteRunner.java:254)
	at org.testng.SuiteRunnerWorker.runSuite(SuiteRunnerWorker.java:52)
	at org.testng.SuiteRunnerWorker.run(SuiteRunnerWorker.java:86)
	at org.testng.TestNG.runSuitesSequentially(TestNG.java:1224)
	at org.testng.TestNG.runSuitesLocally(TestNG.java:1149)
	at org.testng.TestNG.run(TestNG.java:1057)
	at org.apache.maven.surefire.testng.TestNGExecutor.run(TestNGExecutor.java:70)
	at org.apache.maven.surefire.testng.TestNGDirectoryTestSuite.execute(TestNGDirectoryTestSuite.java:109)
	at org.apache.maven.surefire.testng.TestNGProvider.invoke(TestNGProvider.java:111)
	at sun.reflect.NativeMethodAccessorImpl.invoke0(Native Method)
	at sun.reflect.NativeMethodAccessorImpl.invoke(NativeMethodAccessorImpl.java:57)
	at sun.reflect.DelegatingMethodAccessorImpl.invoke(DelegatingMethodAccessorImpl.java:43)
	at java.lang.reflect.Method.invoke(Method.java:606)
	at org.apache.maven.surefire.util.ReflectionUtils.invokeMethodWithArray(ReflectionUtils.java:164)
	at org.apache.maven.surefire.booter.ProviderFactory$ProviderProxy.invoke(ProviderFactory.java:110)
	at org.apache.maven.surefire.booter.SurefireStarter.invokeProvider(SurefireStarter.java:175)
	at org.apache.maven.surefire.booter.SurefireStarter.runSuitesInProcessWhenForked(SurefireStarter.java:107)
	at org.apache.maven.surefire.booter.ForkedBooter.main(ForkedBooter.java:68)
]]>
            </full-stacktrace>
          </exception> <!-- java.lang.AssertionError -->
          <reporter-output>
          </reporter-output>
        </test-method> <!-- getGamesAgainstAI -->
        <test-method status="PASS" signature="springTestContextAfterTestMethod(java.lang.reflect.Method)[pri:0, instance:ttt.model.dao.UserDaoTest@3194737d]" name="springTestContextAfterTestMethod" is-config="true" duration-ms="13" started-at="2014-06-09T23:48:54Z" finished-at="2014-06-09T23:48:54Z">
          <params>
            <param index="0">
              <value>
                <![CDATA[public void ttt.model.dao.UserDaoTest.getGamesAgainstAI()]]>
              </value>
            </param>
          </params>
          <reporter-output>
          </reporter-output>
        </test-method> <!-- springTestContextAfterTestMethod -->
        <test-method status="PASS" signature="springTestContextBeforeTestMethod(java.lang.reflect.Method)[pri:0, instance:ttt.model.dao.UserDaoTest@3194737d]" name="springTestContextBeforeTestMethod" is-config="true" duration-ms="3" started-at="2014-06-09T23:48:54Z" finished-at="2014-06-09T23:48:54Z">
          <params>
            <param index="0">
              <value>
                <![CDATA[public void ttt.model.dao.UserDaoTest.getPlayer()]]>
              </value>
            </param>
          </params>
          <reporter-output>
          </reporter-output>
        </test-method> <!-- springTestContextBeforeTestMethod -->
        <test-method status="PASS" signature="getPlayer()[pri:0, instance:ttt.model.dao.UserDaoTest@3194737d]" name="getPlayer" duration-ms="2" started-at="2014-06-09T23:48:54Z" finished-at="2014-06-09T23:48:54Z">
          <reporter-output>
          </reporter-output>
        </test-method> <!-- getPlayer -->
        <test-method status="PASS" signature="springTestContextAfterTestMethod(java.lang.reflect.Method)[pri:0, instance:ttt.model.dao.UserDaoTest@3194737d]" name="springTestContextAfterTestMethod" is-config="true" duration-ms="3" started-at="2014-06-09T23:48:54Z" finished-at="2014-06-09T23:48:54Z">
          <params>
            <param index="0">
              <value>
                <![CDATA[public void ttt.model.dao.UserDaoTest.getPlayer()]]>
              </value>
            </param>
          </params>
          <reporter-output>
          </reporter-output>
        </test-method> <!-- springTestContextAfterTestMethod -->
        <test-method status="PASS" signature="springTestContextBeforeTestMethod(java.lang.reflect.Method)[pri:0, instance:ttt.model.dao.UserDaoTest@3194737d]" name="springTestContextBeforeTestMethod" is-config="true" duration-ms="2" started-at="2014-06-09T23:48:54Z" finished-at="2014-06-09T23:48:54Z">
          <params>
            <param index="0">
              <value>
                <![CDATA[public void ttt.model.dao.UserDaoTest.getSavedGames()]]>
              </value>
            </param>
          </params>
          <reporter-output>
          </reporter-output>
        </test-method> <!-- springTestContextBeforeTestMethod -->
        <test-method status="PASS" signature="getSavedGames()[pri:0, instance:ttt.model.dao.UserDaoTest@3194737d]" name="getSavedGames" duration-ms="7" started-at="2014-06-09T23:48:54Z" finished-at="2014-06-09T23:48:54Z">
          <reporter-output>
          </reporter-output>
        </test-method> <!-- getSavedGames -->
        <test-method status="PASS" signature="springTestContextAfterTestMethod(java.lang.reflect.Method)[pri:0, instance:ttt.model.dao.UserDaoTest@3194737d]" name="springTestContextAfterTestMethod" is-config="true" duration-ms="3" started-at="2014-06-09T23:48:54Z" finished-at="2014-06-09T23:48:54Z">
          <params>
            <param index="0">
              <value>
                <![CDATA[public void ttt.model.dao.UserDaoTest.getSavedGames()]]>
              </value>
            </param>
          </params>
          <reporter-output>
          </reporter-output>
        </test-method> <!-- springTestContextAfterTestMethod -->
        <test-method status="PASS" signature="springTestContextAfterTestClass()[pri:0, instance:ttt.model.dao.UserDaoTest@3194737d]" name="springTestContextAfterTestClass" is-config="true" duration-ms="0" started-at="2014-06-09T23:48:54Z" finished-at="2014-06-09T23:48:54Z">
          <reporter-output>
          </reporter-output>
        </test-method> <!-- springTestContextAfterTestClass -->
      </class> <!-- ttt.model.dao.UserDaoTest -->
    </test> <!-- Command line test -->
  </suite> <!-- ttt.model.dao.UserDaoTest -->
</testng-results>
